<?xml version="1.0" encoding="UTF-8"?>
<!-- Generated by org.testng.reporters.JUnitReportReporter -->
<testsuite skipped="0" hostname="DESKTOP-CT0NBQI" name="Testcases.Railway.TC06" tests="1" failures="0" timestamp="04 Jan 2022 07:43:59 GMT" time="12.348" errors="0">
  <testcase name="TC06" time="12.348" classname="Testcases.Railway.TC06"/>
</testsuite> <!-- Testcases.Railway.TC06 -->
